[0703/233210.610:ERROR:process_reader_win.cc(123)] NtOpenThread: {Acceso denegado} Un proceso ha solicitado acceso a un objeto, pero no se le han concedido esos derechos de acceso. (0xc0000022)
[0703/233210.610:ERROR:process_reader_win.cc(123)] NtOpenThread: {Acceso denegado} Un proceso ha solicitado acceso a un objeto, pero no se le han concedido esos derechos de acceso. (0xc0000022)
[0703/233212.391:ERROR:exception_snapshot_win.cc(98)] thread ID 2984 not found in process
[0703/233212.391:ERROR:exception_snapshot_win.cc(98)] thread ID 11060 not found in process
[0703/233212.391:ERROR:scoped_process_suspend.cc(40)] NtResumeProcess: Se intentó obtener acceso a un proceso que está cerrándose. (0xc000010a)
[0703/233212.391:ERROR:scoped_process_suspend.cc(40)] NtResumeProcess: Se intentó obtener acceso a un proceso que está cerrándose. (0xc000010a)
[0705/212907.970:ERROR:crash_report_database_win.cc(469)] failed to stat report
[0705/212907.971:ERROR:crash_report_database_win.cc(469)] failed to stat report
[0705/213318.881:ERROR:crash_report_database_win.cc(469)] failed to stat report
[0705/213318.882:ERROR:crash_report_database_win.cc(469)] failed to stat report
[0706/090055.127:ERROR:crash_report_database_win.cc(469)] failed to stat report
[0706/090055.171:ERROR:crash_report_database_win.cc(469)] failed to stat report
[0706/090251.847:ERROR:crash_report_database_win.cc(469)] failed to stat report
[0706/090251.848:ERROR:crash_report_database_win.cc(469)] failed to stat report
[0706/185832.809:ERROR:crash_report_database_win.cc(469)] failed to stat report
[0706/185832.810:ERROR:crash_report_database_win.cc(469)] failed to stat report
[0706/190112.574:ERROR:crash_report_database_win.cc(469)] failed to stat report
[0706/190112.575:ERROR:crash_report_database_win.cc(469)] failed to stat report
[0707/092941.520:ERROR:crash_report_database_win.cc(469)] failed to stat report
[0707/092941.533:ERROR:crash_report_database_win.cc(469)] failed to stat report
[0707/093636.811:ERROR:crash_report_database_win.cc(469)] failed to stat report
[0707/093636.812:ERROR:crash_report_database_win.cc(469)] failed to stat report
[0707/093941.520:ERROR:crash_report_database_win.cc(469)] failed to stat report
[0707/093941.520:ERROR:crash_report_database_win.cc(469)] failed to stat report
[0707/093941.521:ERROR:crash_report_database_win.cc(469)] failed to stat report
[0707/093941.521:ERROR:crash_report_database_win.cc(469)] failed to stat report
[0707/094441.534:ERROR:crash_report_database_win.cc(469)] failed to stat report
[0707/094441.534:ERROR:crash_report_database_win.cc(469)] failed to stat report
[0707/095941.536:ERROR:crash_report_database_win.cc(469)] failed to stat report
[0707/095941.536:ERROR:crash_report_database_win.cc(469)] failed to stat report
[0707/101441.538:ERROR:crash_report_database_win.cc(469)] failed to stat report
[0707/101441.538:ERROR:crash_report_database_win.cc(469)] failed to stat report
[0707/102941.539:ERROR:crash_report_database_win.cc(469)] failed to stat report
[0707/102941.539:ERROR:crash_report_database_win.cc(469)] failed to stat report
[0707/104441.540:ERROR:crash_report_database_win.cc(469)] failed to stat report
[0707/104441.540:ERROR:crash_report_database_win.cc(469)] failed to stat report
[0707/105941.541:ERROR:crash_report_database_win.cc(469)] failed to stat report
[0707/105941.542:ERROR:crash_report_database_win.cc(469)] failed to stat report
[0707/111441.557:ERROR:crash_report_database_win.cc(469)] failed to stat report
[0707/111441.558:ERROR:crash_report_database_win.cc(469)] failed to stat report
[0707/112941.559:ERROR:crash_report_database_win.cc(469)] failed to stat report
[0707/112941.559:ERROR:crash_report_database_win.cc(469)] failed to stat report
[0707/114441.560:ERROR:crash_report_database_win.cc(469)] failed to stat report
[0707/114441.560:ERROR:crash_report_database_win.cc(469)] failed to stat report
[0707/115941.560:ERROR:crash_report_database_win.cc(469)] failed to stat report
[0707/115941.560:ERROR:crash_report_database_win.cc(469)] failed to stat report
[0707/121441.562:ERROR:crash_report_database_win.cc(469)] failed to stat report
[0707/121441.562:ERROR:crash_report_database_win.cc(469)] failed to stat report
[0707/122941.564:ERROR:crash_report_database_win.cc(469)] failed to stat report
[0707/122941.564:ERROR:crash_report_database_win.cc(469)] failed to stat report
[0707/124441.566:ERROR:crash_report_database_win.cc(469)] failed to stat report
[0707/124441.566:ERROR:crash_report_database_win.cc(469)] failed to stat report
[0707/125941.568:ERROR:crash_report_database_win.cc(469)] failed to stat report
[0707/125941.568:ERROR:crash_report_database_win.cc(469)] failed to stat report
[0707/131441.570:ERROR:crash_report_database_win.cc(469)] failed to stat report
[0707/131441.570:ERROR:crash_report_database_win.cc(469)] failed to stat report
[0707/132941.571:ERROR:crash_report_database_win.cc(469)] failed to stat report
[0707/132941.571:ERROR:crash_report_database_win.cc(469)] failed to stat report
[0707/134441.572:ERROR:crash_report_database_win.cc(469)] failed to stat report
[0707/134441.572:ERROR:crash_report_database_win.cc(469)] failed to stat report
[0707/135941.573:ERROR:crash_report_database_win.cc(469)] failed to stat report
[0707/135941.573:ERROR:crash_report_database_win.cc(469)] failed to stat report
[0707/141441.575:ERROR:crash_report_database_win.cc(469)] failed to stat report
[0707/141441.575:ERROR:crash_report_database_win.cc(469)] failed to stat report
[0707/142941.576:ERROR:crash_report_database_win.cc(469)] failed to stat report
[0707/142941.576:ERROR:crash_report_database_win.cc(469)] failed to stat report
[0707/144441.577:ERROR:crash_report_database_win.cc(469)] failed to stat report
[0707/144441.577:ERROR:crash_report_database_win.cc(469)] failed to stat report
[0707/145941.579:ERROR:crash_report_database_win.cc(469)] failed to stat report
[0707/145941.579:ERROR:crash_report_database_win.cc(469)] failed to stat report
[0707/151042.342:ERROR:crash_report_database_win.cc(469)] failed to stat report
[0707/151042.385:ERROR:crash_report_database_win.cc(469)] failed to stat report
[0707/151304.865:ERROR:crash_report_database_win.cc(469)] failed to stat report
[0707/151304.866:ERROR:crash_report_database_win.cc(469)] failed to stat report
[0707/151441.580:ERROR:crash_report_database_win.cc(469)] failed to stat report
[0707/151441.580:ERROR:crash_report_database_win.cc(469)] failed to stat report
[0707/152941.582:ERROR:crash_report_database_win.cc(469)] failed to stat report
[0707/152941.582:ERROR:crash_report_database_win.cc(469)] failed to stat report
[0707/154441.583:ERROR:crash_report_database_win.cc(469)] failed to stat report
[0707/154441.583:ERROR:crash_report_database_win.cc(469)] failed to stat report
[0707/155941.585:ERROR:crash_report_database_win.cc(469)] failed to stat report
[0707/155941.585:ERROR:crash_report_database_win.cc(469)] failed to stat report
[0707/161441.586:ERROR:crash_report_database_win.cc(469)] failed to stat report
[0707/161441.586:ERROR:crash_report_database_win.cc(469)] failed to stat report
[0707/162941.588:ERROR:crash_report_database_win.cc(469)] failed to stat report
[0707/162941.588:ERROR:crash_report_database_win.cc(469)] failed to stat report
[0707/164441.590:ERROR:crash_report_database_win.cc(469)] failed to stat report
[0707/164441.590:ERROR:crash_report_database_win.cc(469)] failed to stat report
[0707/165941.591:ERROR:crash_report_database_win.cc(469)] failed to stat report
[0707/165941.591:ERROR:crash_report_database_win.cc(469)] failed to stat report
[0707/171441.592:ERROR:crash_report_database_win.cc(469)] failed to stat report
[0707/171441.593:ERROR:crash_report_database_win.cc(469)] failed to stat report
[0707/172941.594:ERROR:crash_report_database_win.cc(469)] failed to stat report
[0707/172941.594:ERROR:crash_report_database_win.cc(469)] failed to stat report
[0707/174441.595:ERROR:crash_report_database_win.cc(469)] failed to stat report
[0707/174441.595:ERROR:crash_report_database_win.cc(469)] failed to stat report
[0707/175941.595:ERROR:crash_report_database_win.cc(469)] failed to stat report
[0707/175941.595:ERROR:crash_report_database_win.cc(469)] failed to stat report
[0707/181441.599:ERROR:crash_report_database_win.cc(469)] failed to stat report
[0707/181441.599:ERROR:crash_report_database_win.cc(469)] failed to stat report
[0707/182941.674:ERROR:crash_report_database_win.cc(469)] failed to stat report
[0707/182941.675:ERROR:crash_report_database_win.cc(469)] failed to stat report
[0707/184441.853:ERROR:crash_report_database_win.cc(469)] failed to stat report
[0707/184441.853:ERROR:crash_report_database_win.cc(469)] failed to stat report
[0707/185941.997:ERROR:crash_report_database_win.cc(469)] failed to stat report
[0707/185941.997:ERROR:crash_report_database_win.cc(469)] failed to stat report
[0707/191442.114:ERROR:crash_report_database_win.cc(469)] failed to stat report
[0707/191442.114:ERROR:crash_report_database_win.cc(469)] failed to stat report
[0707/192942.225:ERROR:crash_report_database_win.cc(469)] failed to stat report
[0707/192942.225:ERROR:crash_report_database_win.cc(469)] failed to stat report
[0707/194122.150:ERROR:crash_report_database_win.cc(469)] failed to stat report
[0707/194122.151:ERROR:crash_report_database_win.cc(469)] failed to stat report
[0707/194442.276:ERROR:crash_report_database_win.cc(469)] failed to stat report
[0707/194442.276:ERROR:crash_report_database_win.cc(469)] failed to stat report
[0707/195942.320:ERROR:crash_report_database_win.cc(469)] failed to stat report
[0707/195942.320:ERROR:crash_report_database_win.cc(469)] failed to stat report
[0707/201442.350:ERROR:crash_report_database_win.cc(469)] failed to stat report
[0707/201442.350:ERROR:crash_report_database_win.cc(469)] failed to stat report
[0707/202942.371:ERROR:crash_report_database_win.cc(469)] failed to stat report
[0707/202942.371:ERROR:crash_report_database_win.cc(469)] failed to stat report
[0707/204442.387:ERROR:crash_report_database_win.cc(469)] failed to stat report
[0707/204442.387:ERROR:crash_report_database_win.cc(469)] failed to stat report
[0707/205942.397:ERROR:crash_report_database_win.cc(469)] failed to stat report
[0707/205942.397:ERROR:crash_report_database_win.cc(469)] failed to stat report
[0707/211442.409:ERROR:crash_report_database_win.cc(469)] failed to stat report
[0707/211442.409:ERROR:crash_report_database_win.cc(469)] failed to stat report
[0707/212942.414:ERROR:crash_report_database_win.cc(469)] failed to stat report
[0707/212942.414:ERROR:crash_report_database_win.cc(469)] failed to stat report
[0707/214442.419:ERROR:crash_report_database_win.cc(469)] failed to stat report
[0707/214442.419:ERROR:crash_report_database_win.cc(469)] failed to stat report
[0707/215942.433:ERROR:crash_report_database_win.cc(469)] failed to stat report
[0707/215942.433:ERROR:crash_report_database_win.cc(469)] failed to stat report
[0707/221442.445:ERROR:crash_report_database_win.cc(469)] failed to stat report
[0707/221442.445:ERROR:crash_report_database_win.cc(469)] failed to stat report
[0707/222942.446:ERROR:crash_report_database_win.cc(469)] failed to stat report
[0707/222942.446:ERROR:crash_report_database_win.cc(469)] failed to stat report
[0707/224442.449:ERROR:crash_report_database_win.cc(469)] failed to stat report
[0707/224442.449:ERROR:crash_report_database_win.cc(469)] failed to stat report
[0707/225942.449:ERROR:crash_report_database_win.cc(469)] failed to stat report
[0707/225942.449:ERROR:crash_report_database_win.cc(469)] failed to stat report
[0707/231442.452:ERROR:crash_report_database_win.cc(469)] failed to stat report
[0707/231442.452:ERROR:crash_report_database_win.cc(469)] failed to stat report
[0708/092035.044:ERROR:crash_report_database_win.cc(469)] failed to stat report
[0708/092035.051:ERROR:crash_report_database_win.cc(469)] failed to stat report
[0708/092458.771:ERROR:crash_report_database_win.cc(469)] failed to stat report
[0708/092458.772:ERROR:crash_report_database_win.cc(469)] failed to stat report
[0708/093035.045:ERROR:crash_report_database_win.cc(469)] failed to stat report
[0708/093035.045:ERROR:crash_report_database_win.cc(469)] failed to stat report
[0708/093035.046:ERROR:crash_report_database_win.cc(469)] failed to stat report
[0708/093035.046:ERROR:crash_report_database_win.cc(469)] failed to stat report
[0708/093535.052:ERROR:crash_report_database_win.cc(469)] failed to stat report
[0708/093535.052:ERROR:crash_report_database_win.cc(469)] failed to stat report
[0708/095035.053:ERROR:crash_report_database_win.cc(469)] failed to stat report
[0708/095035.053:ERROR:crash_report_database_win.cc(469)] failed to stat report
[0708/100535.067:ERROR:crash_report_database_win.cc(469)] failed to stat report
[0708/100535.067:ERROR:crash_report_database_win.cc(469)] failed to stat report
[0708/102035.069:ERROR:crash_report_database_win.cc(469)] failed to stat report
[0708/102035.069:ERROR:crash_report_database_win.cc(469)] failed to stat report
[0708/103535.070:ERROR:crash_report_database_win.cc(469)] failed to stat report
[0708/103535.070:ERROR:crash_report_database_win.cc(469)] failed to stat report
[0708/105035.071:ERROR:crash_report_database_win.cc(469)] failed to stat report
[0708/105035.071:ERROR:crash_report_database_win.cc(469)] failed to stat report
[0708/110535.072:ERROR:crash_report_database_win.cc(469)] failed to stat report
[0708/110535.072:ERROR:crash_report_database_win.cc(469)] failed to stat report
[0708/112035.073:ERROR:crash_report_database_win.cc(469)] failed to stat report
[0708/112035.073:ERROR:crash_report_database_win.cc(469)] failed to stat report
[0708/113535.075:ERROR:crash_report_database_win.cc(469)] failed to stat report
[0708/113535.075:ERROR:crash_report_database_win.cc(469)] failed to stat report
[0708/114756.499:ERROR:crash_report_database_win.cc(469)] failed to stat report
[0708/114756.500:ERROR:crash_report_database_win.cc(469)] failed to stat report
[0708/115018.871:ERROR:crash_report_database_win.cc(469)] failed to stat report
[0708/115018.872:ERROR:crash_report_database_win.cc(469)] failed to stat report
[0708/115035.077:ERROR:crash_report_database_win.cc(469)] failed to stat report
[0708/115035.077:ERROR:crash_report_database_win.cc(469)] failed to stat report
[0708/120535.095:ERROR:crash_report_database_win.cc(469)] failed to stat report
[0708/120535.096:ERROR:crash_report_database_win.cc(469)] failed to stat report
[0708/122035.097:ERROR:crash_report_database_win.cc(469)] failed to stat report
[0708/122035.097:ERROR:crash_report_database_win.cc(469)] failed to stat report
[0708/123535.099:ERROR:crash_report_database_win.cc(469)] failed to stat report
[0708/123535.099:ERROR:crash_report_database_win.cc(469)] failed to stat report
[0708/125035.100:ERROR:crash_report_database_win.cc(469)] failed to stat report
[0708/125035.100:ERROR:crash_report_database_win.cc(469)] failed to stat report
[0708/130535.101:ERROR:crash_report_database_win.cc(469)] failed to stat report
[0708/130535.102:ERROR:crash_report_database_win.cc(469)] failed to stat report
[0708/132035.104:ERROR:crash_report_database_win.cc(469)] failed to stat report
[0708/132035.104:ERROR:crash_report_database_win.cc(469)] failed to stat report
[0708/133535.106:ERROR:crash_report_database_win.cc(469)] failed to stat report
[0708/133535.106:ERROR:crash_report_database_win.cc(469)] failed to stat report
[0708/135035.119:ERROR:crash_report_database_win.cc(469)] failed to stat report
[0708/135035.119:ERROR:crash_report_database_win.cc(469)] failed to stat report
[0708/140535.123:ERROR:crash_report_database_win.cc(469)] failed to stat report
[0708/140535.123:ERROR:crash_report_database_win.cc(469)] failed to stat report
[0708/142035.138:ERROR:crash_report_database_win.cc(469)] failed to stat report
[0708/142035.138:ERROR:crash_report_database_win.cc(469)] failed to stat report
[0708/143535.149:ERROR:crash_report_database_win.cc(469)] failed to stat report
[0708/143535.149:ERROR:crash_report_database_win.cc(469)] failed to stat report
[0708/145035.154:ERROR:crash_report_database_win.cc(469)] failed to stat report
[0708/145035.154:ERROR:crash_report_database_win.cc(469)] failed to stat report
[0708/150535.164:ERROR:crash_report_database_win.cc(469)] failed to stat report
[0708/150535.164:ERROR:crash_report_database_win.cc(469)] failed to stat report
[0708/152035.166:ERROR:crash_report_database_win.cc(469)] failed to stat report
[0708/152035.166:ERROR:crash_report_database_win.cc(469)] failed to stat report
[0708/153535.167:ERROR:crash_report_database_win.cc(469)] failed to stat report
[0708/153535.167:ERROR:crash_report_database_win.cc(469)] failed to stat report
[0708/153753.960:ERROR:crash_report_database_win.cc(469)] failed to stat report
[0708/153753.961:ERROR:crash_report_database_win.cc(469)] failed to stat report
[0708/153946.761:ERROR:crash_report_database_win.cc(469)] failed to stat report
[0708/153946.762:ERROR:crash_report_database_win.cc(469)] failed to stat report
[0708/154307.167:ERROR:crash_report_database_win.cc(469)] failed to stat report
[0708/154307.168:ERROR:crash_report_database_win.cc(469)] failed to stat report
[0708/154345.877:ERROR:crash_report_database_win.cc(469)] failed to stat report
[0708/154345.878:ERROR:crash_report_database_win.cc(469)] failed to stat report
[0708/155035.168:ERROR:crash_report_database_win.cc(469)] failed to stat report
[0708/155035.168:ERROR:crash_report_database_win.cc(469)] failed to stat report
[0708/160535.169:ERROR:crash_report_database_win.cc(469)] failed to stat report
[0708/160535.169:ERROR:crash_report_database_win.cc(469)] failed to stat report
[0708/162035.171:ERROR:crash_report_database_win.cc(469)] failed to stat report
[0708/162035.171:ERROR:crash_report_database_win.cc(469)] failed to stat report
[0708/163535.172:ERROR:crash_report_database_win.cc(469)] failed to stat report
[0708/163535.172:ERROR:crash_report_database_win.cc(469)] failed to stat report
[0708/164519.029:ERROR:crash_report_database_win.cc(469)] failed to stat report
[0708/164519.030:ERROR:crash_report_database_win.cc(469)] failed to stat report
[0708/164555.980:ERROR:crash_report_database_win.cc(469)] failed to stat report
[0708/164555.981:ERROR:crash_report_database_win.cc(469)] failed to stat report
[0708/165035.173:ERROR:crash_report_database_win.cc(469)] failed to stat report
[0708/165035.173:ERROR:crash_report_database_win.cc(469)] failed to stat report
[0708/170535.174:ERROR:crash_report_database_win.cc(469)] failed to stat report
[0708/170535.174:ERROR:crash_report_database_win.cc(469)] failed to stat report
[0708/172035.175:ERROR:crash_report_database_win.cc(469)] failed to stat report
[0708/172035.175:ERROR:crash_report_database_win.cc(469)] failed to stat report
[0708/173535.177:ERROR:crash_report_database_win.cc(469)] failed to stat report
[0708/173535.177:ERROR:crash_report_database_win.cc(469)] failed to stat report
[0708/175035.179:ERROR:crash_report_database_win.cc(469)] failed to stat report
[0708/175035.179:ERROR:crash_report_database_win.cc(469)] failed to stat report
[0708/180535.197:ERROR:crash_report_database_win.cc(469)] failed to stat report
[0708/180535.197:ERROR:crash_report_database_win.cc(469)] failed to stat report
[0708/182035.198:ERROR:crash_report_database_win.cc(469)] failed to stat report
[0708/182035.198:ERROR:crash_report_database_win.cc(469)] failed to stat report
[0708/183535.558:ERROR:crash_report_database_win.cc(469)] failed to stat report
[0708/183535.558:ERROR:crash_report_database_win.cc(469)] failed to stat report
[0708/185035.727:ERROR:crash_report_database_win.cc(469)] failed to stat report
[0708/185035.727:ERROR:crash_report_database_win.cc(469)] failed to stat report
[0708/190535.852:ERROR:crash_report_database_win.cc(469)] failed to stat report
[0708/190535.852:ERROR:crash_report_database_win.cc(469)] failed to stat report
[0708/192035.953:ERROR:crash_report_database_win.cc(469)] failed to stat report
[0708/192035.954:ERROR:crash_report_database_win.cc(469)] failed to stat report
[0708/193536.039:ERROR:crash_report_database_win.cc(469)] failed to stat report
[0708/193536.039:ERROR:crash_report_database_win.cc(469)] failed to stat report
[0708/195036.084:ERROR:crash_report_database_win.cc(469)] failed to stat report
[0708/195036.084:ERROR:crash_report_database_win.cc(469)] failed to stat report
[0708/200536.299:ERROR:crash_report_database_win.cc(469)] failed to stat report
[0708/200536.299:ERROR:crash_report_database_win.cc(469)] failed to stat report
[0708/202036.745:ERROR:crash_report_database_win.cc(469)] failed to stat report
[0708/202036.917:ERROR:crash_report_database_win.cc(469)] failed to stat report
[0708/203537.248:ERROR:crash_report_database_win.cc(469)] failed to stat report
[0708/203537.248:ERROR:crash_report_database_win.cc(469)] failed to stat report
[0708/205037.403:ERROR:crash_report_database_win.cc(469)] failed to stat report
[0708/205037.403:ERROR:crash_report_database_win.cc(469)] failed to stat report
[0708/210537.412:ERROR:crash_report_database_win.cc(469)] failed to stat report
[0708/210537.412:ERROR:crash_report_database_win.cc(469)] failed to stat report
[0708/212037.429:ERROR:crash_report_database_win.cc(469)] failed to stat report
[0708/212037.429:ERROR:crash_report_database_win.cc(469)] failed to stat report
[0708/213537.434:ERROR:crash_report_database_win.cc(469)] failed to stat report
[0708/213537.434:ERROR:crash_report_database_win.cc(469)] failed to stat report
[0708/215037.449:ERROR:crash_report_database_win.cc(469)] failed to stat report
[0708/215037.449:ERROR:crash_report_database_win.cc(469)] failed to stat report
[0708/220537.472:ERROR:crash_report_database_win.cc(469)] failed to stat report
[0708/220537.472:ERROR:crash_report_database_win.cc(469)] failed to stat report
[0708/222037.487:ERROR:crash_report_database_win.cc(469)] failed to stat report
[0708/222037.487:ERROR:crash_report_database_win.cc(469)] failed to stat report
[0708/223537.489:ERROR:crash_report_database_win.cc(469)] failed to stat report
[0708/223537.489:ERROR:crash_report_database_win.cc(469)] failed to stat report
[0708/225037.490:ERROR:crash_report_database_win.cc(469)] failed to stat report
[0708/225037.490:ERROR:crash_report_database_win.cc(469)] failed to stat report
[0708/230537.492:ERROR:crash_report_database_win.cc(469)] failed to stat report
[0708/230537.492:ERROR:crash_report_database_win.cc(469)] failed to stat report
[0708/232038.610:ERROR:crash_report_database_win.cc(469)] failed to stat report
[0708/232038.874:ERROR:crash_report_database_win.cc(469)] failed to stat report
[0709/090200.893:ERROR:crash_report_database_win.cc(469)] failed to stat report
[0709/090200.914:ERROR:crash_report_database_win.cc(469)] failed to stat report
[0709/091202.002:ERROR:crash_report_database_win.cc(469)] failed to stat report
[0709/091202.160:ERROR:crash_report_database_win.cc(469)] failed to stat report
[0709/091202.486:ERROR:crash_report_database_win.cc(469)] failed to stat report
[0709/091202.486:ERROR:crash_report_database_win.cc(469)] failed to stat report
[0709/091701.324:ERROR:crash_report_database_win.cc(469)] failed to stat report
[0709/091701.475:ERROR:crash_report_database_win.cc(469)] failed to stat report
[0709/092915.695:ERROR:crash_report_database_win.cc(469)] failed to stat report
[0709/092915.697:ERROR:crash_report_database_win.cc(469)] failed to stat report
[0709/093201.630:ERROR:crash_report_database_win.cc(469)] failed to stat report
[0709/093201.630:ERROR:crash_report_database_win.cc(469)] failed to stat report
[0709/094702.234:ERROR:crash_report_database_win.cc(469)] failed to stat report
[0709/094702.235:ERROR:crash_report_database_win.cc(469)] failed to stat report
[0709/100202.763:ERROR:crash_report_database_win.cc(469)] failed to stat report
[0709/100202.879:ERROR:crash_report_database_win.cc(469)] failed to stat report
[0709/101703.014:ERROR:crash_report_database_win.cc(469)] failed to stat report
[0709/101703.014:ERROR:crash_report_database_win.cc(469)] failed to stat report
[0709/103203.015:ERROR:crash_report_database_win.cc(469)] failed to stat report
[0709/103203.015:ERROR:crash_report_database_win.cc(469)] failed to stat report
[0709/104703.017:ERROR:crash_report_database_win.cc(469)] failed to stat report
[0709/104703.017:ERROR:crash_report_database_win.cc(469)] failed to stat report
[0709/110203.019:ERROR:crash_report_database_win.cc(469)] failed to stat report
[0709/110203.019:ERROR:crash_report_database_win.cc(469)] failed to stat report
[0709/111703.039:ERROR:crash_report_database_win.cc(469)] failed to stat report
[0709/111703.039:ERROR:crash_report_database_win.cc(469)] failed to stat report
[0709/113203.041:ERROR:crash_report_database_win.cc(469)] failed to stat report
[0709/113203.041:ERROR:crash_report_database_win.cc(469)] failed to stat report
[0709/114703.042:ERROR:crash_report_database_win.cc(469)] failed to stat report
[0709/114703.042:ERROR:crash_report_database_win.cc(469)] failed to stat report
[0709/120203.043:ERROR:crash_report_database_win.cc(469)] failed to stat report
[0709/120203.043:ERROR:crash_report_database_win.cc(469)] failed to stat report
[0709/121703.045:ERROR:crash_report_database_win.cc(469)] failed to stat report
[0709/121703.045:ERROR:crash_report_database_win.cc(469)] failed to stat report
[0709/123203.146:ERROR:crash_report_database_win.cc(469)] failed to stat report
[0709/123203.146:ERROR:crash_report_database_win.cc(469)] failed to stat report
[0709/124703.148:ERROR:crash_report_database_win.cc(469)] failed to stat report
[0709/124703.148:ERROR:crash_report_database_win.cc(469)] failed to stat report
[0709/130203.148:ERROR:crash_report_database_win.cc(469)] failed to stat report
[0709/130203.148:ERROR:crash_report_database_win.cc(469)] failed to stat report
[0709/131703.150:ERROR:crash_report_database_win.cc(469)] failed to stat report
[0709/131703.150:ERROR:crash_report_database_win.cc(469)] failed to stat report
[0709/133203.150:ERROR:crash_report_database_win.cc(469)] failed to stat report
[0709/133203.150:ERROR:crash_report_database_win.cc(469)] failed to stat report
[0709/134703.151:ERROR:crash_report_database_win.cc(469)] failed to stat report
[0709/134703.151:ERROR:crash_report_database_win.cc(469)] failed to stat report
[0709/140203.152:ERROR:crash_report_database_win.cc(469)] failed to stat report
[0709/140203.152:ERROR:crash_report_database_win.cc(469)] failed to stat report
[0709/141703.535:ERROR:crash_report_database_win.cc(469)] failed to stat report
[0709/141703.535:ERROR:crash_report_database_win.cc(469)] failed to stat report
[0709/143203.538:ERROR:crash_report_database_win.cc(469)] failed to stat report
[0709/143203.538:ERROR:crash_report_database_win.cc(469)] failed to stat report
[0709/143651.573:ERROR:crash_report_database_win.cc(469)] failed to stat report
[0709/143651.574:ERROR:crash_report_database_win.cc(469)] failed to stat report
[0709/143807.819:ERROR:crash_report_database_win.cc(469)] failed to stat report
[0709/143807.820:ERROR:crash_report_database_win.cc(469)] failed to stat report
[0709/144703.538:ERROR:crash_report_database_win.cc(469)] failed to stat report
[0709/144703.538:ERROR:crash_report_database_win.cc(469)] failed to stat report
[0709/150203.539:ERROR:crash_report_database_win.cc(469)] failed to stat report
[0709/150203.539:ERROR:crash_report_database_win.cc(469)] failed to stat report
[0709/150708.149:ERROR:crash_report_database_win.cc(469)] failed to stat report
[0709/150708.149:ERROR:crash_report_database_win.cc(469)] failed to stat report
[0709/150828.643:ERROR:crash_report_database_win.cc(469)] failed to stat report
[0709/150828.643:ERROR:crash_report_database_win.cc(469)] failed to stat report
[0709/151703.540:ERROR:crash_report_database_win.cc(469)] failed to stat report
[0709/151703.540:ERROR:crash_report_database_win.cc(469)] failed to stat report
[0709/153203.540:ERROR:crash_report_database_win.cc(469)] failed to stat report
[0709/153203.540:ERROR:crash_report_database_win.cc(469)] failed to stat report
[0709/154703.543:ERROR:crash_report_database_win.cc(469)] failed to stat report
[0709/154703.543:ERROR:crash_report_database_win.cc(469)] failed to stat report
[0709/160203.565:ERROR:crash_report_database_win.cc(469)] failed to stat report
[0709/160203.565:ERROR:crash_report_database_win.cc(469)] failed to stat report
[0709/161703.566:ERROR:crash_report_database_win.cc(469)] failed to stat report
[0709/161703.566:ERROR:crash_report_database_win.cc(469)] failed to stat report
[0709/163203.567:ERROR:crash_report_database_win.cc(469)] failed to stat report
[0709/163203.567:ERROR:crash_report_database_win.cc(469)] failed to stat report
[0709/164703.568:ERROR:crash_report_database_win.cc(469)] failed to stat report
[0709/164703.568:ERROR:crash_report_database_win.cc(469)] failed to stat report
[0709/170203.570:ERROR:crash_report_database_win.cc(469)] failed to stat report
[0709/170203.570:ERROR:crash_report_database_win.cc(469)] failed to stat report
[0709/171703.571:ERROR:crash_report_database_win.cc(469)] failed to stat report
[0709/171703.571:ERROR:crash_report_database_win.cc(469)] failed to stat report
[0709/173203.575:ERROR:crash_report_database_win.cc(469)] failed to stat report
[0709/173203.575:ERROR:crash_report_database_win.cc(469)] failed to stat report
[0709/174703.625:ERROR:crash_report_database_win.cc(469)] failed to stat report
[0709/174703.625:ERROR:crash_report_database_win.cc(469)] failed to stat report
[0709/180203.666:ERROR:crash_report_database_win.cc(469)] failed to stat report
[0709/180203.667:ERROR:crash_report_database_win.cc(469)] failed to stat report
[0709/181703.711:ERROR:crash_report_database_win.cc(469)] failed to stat report
[0709/181703.712:ERROR:crash_report_database_win.cc(469)] failed to stat report
[0709/183203.740:ERROR:crash_report_database_win.cc(469)] failed to stat report
[0709/183203.740:ERROR:crash_report_database_win.cc(469)] failed to stat report
[0709/184703.762:ERROR:crash_report_database_win.cc(469)] failed to stat report
[0709/184703.762:ERROR:crash_report_database_win.cc(469)] failed to stat report
[0709/190203.775:ERROR:crash_report_database_win.cc(469)] failed to stat report
[0709/190203.775:ERROR:crash_report_database_win.cc(469)] failed to stat report
[0709/191703.798:ERROR:crash_report_database_win.cc(469)] failed to stat report
[0709/191703.798:ERROR:crash_report_database_win.cc(469)] failed to stat report
[0709/193203.804:ERROR:crash_report_database_win.cc(469)] failed to stat report
[0709/193203.804:ERROR:crash_report_database_win.cc(469)] failed to stat report
[0709/194703.811:ERROR:crash_report_database_win.cc(469)] failed to stat report
[0709/194703.811:ERROR:crash_report_database_win.cc(469)] failed to stat report
[0709/200203.815:ERROR:crash_report_database_win.cc(469)] failed to stat report
[0709/200203.815:ERROR:crash_report_database_win.cc(469)] failed to stat report
[0709/201703.818:ERROR:crash_report_database_win.cc(469)] failed to stat report
[0709/201703.818:ERROR:crash_report_database_win.cc(469)] failed to stat report
[0709/203203.826:ERROR:crash_report_database_win.cc(469)] failed to stat report
[0709/203203.826:ERROR:crash_report_database_win.cc(469)] failed to stat report
[0709/204703.828:ERROR:crash_report_database_win.cc(469)] failed to stat report
[0709/204703.828:ERROR:crash_report_database_win.cc(469)] failed to stat report
[0709/210204.199:ERROR:crash_report_database_win.cc(469)] failed to stat report
[0709/210204.350:ERROR:crash_report_database_win.cc(469)] failed to stat report
[0709/211704.352:ERROR:crash_report_database_win.cc(469)] failed to stat report
[0709/211704.352:ERROR:crash_report_database_win.cc(469)] failed to stat report
[0709/213204.354:ERROR:crash_report_database_win.cc(469)] failed to stat report
[0709/213204.354:ERROR:crash_report_database_win.cc(469)] failed to stat report
[0709/214704.356:ERROR:crash_report_database_win.cc(469)] failed to stat report
[0709/214704.356:ERROR:crash_report_database_win.cc(469)] failed to stat report
[0709/220204.358:ERROR:crash_report_database_win.cc(469)] failed to stat report
[0709/220204.358:ERROR:crash_report_database_win.cc(469)] failed to stat report
[0709/221704.363:ERROR:crash_report_database_win.cc(469)] failed to stat report
[0709/221704.363:ERROR:crash_report_database_win.cc(469)] failed to stat report
[0709/223204.377:ERROR:crash_report_database_win.cc(469)] failed to stat report
[0709/223204.377:ERROR:crash_report_database_win.cc(469)] failed to stat report
[0709/224704.378:ERROR:crash_report_database_win.cc(469)] failed to stat report
[0709/224704.378:ERROR:crash_report_database_win.cc(469)] failed to stat report
[0709/230204.380:ERROR:crash_report_database_win.cc(469)] failed to stat report
[0709/230204.380:ERROR:crash_report_database_win.cc(469)] failed to stat report
[0709/231704.383:ERROR:crash_report_database_win.cc(469)] failed to stat report
[0709/231704.383:ERROR:crash_report_database_win.cc(469)] failed to stat report
[0709/233204.398:ERROR:crash_report_database_win.cc(469)] failed to stat report
[0709/233204.398:ERROR:crash_report_database_win.cc(469)] failed to stat report
[0709/234704.399:ERROR:crash_report_database_win.cc(469)] failed to stat report
[0709/234704.399:ERROR:crash_report_database_win.cc(469)] failed to stat report
[0713/165727.008:ERROR:crash_report_database_win.cc(469)] failed to stat report
[0713/165727.064:ERROR:crash_report_database_win.cc(469)] failed to stat report
[0716/115750.200:ERROR:crash_report_database_win.cc(469)] failed to stat report
[0716/115750.232:ERROR:crash_report_database_win.cc(469)] failed to stat report
[0716/115750.232:ERROR:crash_report_database_win.cc(469)] failed to stat report
[0716/120058.294:ERROR:crash_report_database_win.cc(469)] failed to stat report
[0716/120058.295:ERROR:crash_report_database_win.cc(469)] failed to stat report
[0716/120058.295:ERROR:crash_report_database_win.cc(469)] failed to stat report
[0720/091432.684:ERROR:crash_report_database_win.cc(469)] failed to stat report
[0720/091432.764:ERROR:crash_report_database_win.cc(469)] failed to stat report
[0720/091432.764:ERROR:crash_report_database_win.cc(469)] failed to stat report
[0720/091829.414:ERROR:crash_report_database_win.cc(469)] failed to stat report
[0720/091829.415:ERROR:crash_report_database_win.cc(469)] failed to stat report
[0720/091829.415:ERROR:crash_report_database_win.cc(469)] failed to stat report
[0720/102858.401:ERROR:crash_report_database_win.cc(469)] failed to stat report
[0720/102858.410:ERROR:crash_report_database_win.cc(469)] failed to stat report
[0720/102858.410:ERROR:crash_report_database_win.cc(469)] failed to stat report
[0720/103306.607:ERROR:crash_report_database_win.cc(469)] failed to stat report
[0720/103306.607:ERROR:crash_report_database_win.cc(469)] failed to stat report
[0720/103306.607:ERROR:crash_report_database_win.cc(469)] failed to stat report
[0720/120421.266:ERROR:crash_report_database_win.cc(469)] failed to stat report
[0720/120421.267:ERROR:crash_report_database_win.cc(469)] failed to stat report
[0720/120421.267:ERROR:crash_report_database_win.cc(469)] failed to stat report
[0720/120515.566:ERROR:crash_report_database_win.cc(469)] failed to stat report
[0720/120515.567:ERROR:crash_report_database_win.cc(469)] failed to stat report
[0720/120515.567:ERROR:crash_report_database_win.cc(469)] failed to stat report
[0720/193710.544:ERROR:crash_report_database_win.cc(469)] failed to stat report
[0720/193710.587:ERROR:crash_report_database_win.cc(469)] failed to stat report
[0720/193710.587:ERROR:crash_report_database_win.cc(469)] failed to stat report
[0721/160129.177:ERROR:crash_report_database_win.cc(469)] failed to stat report
[0721/160129.193:ERROR:crash_report_database_win.cc(469)] failed to stat report
[0721/160129.193:ERROR:crash_report_database_win.cc(469)] failed to stat report
[0721/160409.637:ERROR:crash_report_database_win.cc(469)] failed to stat report
[0721/160409.638:ERROR:crash_report_database_win.cc(469)] failed to stat report
[0721/160409.638:ERROR:crash_report_database_win.cc(469)] failed to stat report
[0722/100024.330:ERROR:crash_report_database_win.cc(469)] failed to stat report
[0722/100024.348:ERROR:crash_report_database_win.cc(469)] failed to stat report
[0722/100024.348:ERROR:crash_report_database_win.cc(469)] failed to stat report
[0722/100323.282:ERROR:crash_report_database_win.cc(469)] failed to stat report
[0722/100323.282:ERROR:crash_report_database_win.cc(469)] failed to stat report
[0722/100323.283:ERROR:crash_report_database_win.cc(469)] failed to stat report
[0722/155531.006:ERROR:crash_report_database_win.cc(469)] failed to stat report
[0722/155531.007:ERROR:crash_report_database_win.cc(469)] failed to stat report
[0722/155531.008:ERROR:crash_report_database_win.cc(469)] failed to stat report
[0722/160030.265:ERROR:crash_report_database_win.cc(469)] failed to stat report
[0722/160030.266:ERROR:crash_report_database_win.cc(469)] failed to stat report
[0722/160030.266:ERROR:crash_report_database_win.cc(469)] failed to stat report
[0723/091501.542:ERROR:crash_report_database_win.cc(469)] failed to stat report
[0723/091501.587:ERROR:crash_report_database_win.cc(469)] failed to stat report
[0723/091501.587:ERROR:crash_report_database_win.cc(469)] failed to stat report
[0723/091750.389:ERROR:crash_report_database_win.cc(469)] failed to stat report
[0723/091750.390:ERROR:crash_report_database_win.cc(469)] failed to stat report
[0723/091750.390:ERROR:crash_report_database_win.cc(469)] failed to stat report
[0723/092501.542:ERROR:crash_report_database_win.cc(469)] failed to stat report
[0723/092501.542:ERROR:crash_report_database_win.cc(469)] failed to stat report
[0723/092501.542:ERROR:crash_report_database_win.cc(469)] failed to stat report
[0723/092501.543:ERROR:crash_report_database_win.cc(469)] failed to stat report
[0723/092501.544:ERROR:crash_report_database_win.cc(469)] failed to stat report
[0723/092501.544:ERROR:crash_report_database_win.cc(469)] failed to stat report
[0723/093001.589:ERROR:crash_report_database_win.cc(469)] failed to stat report
[0723/093001.589:ERROR:crash_report_database_win.cc(469)] failed to stat report
[0723/093001.589:ERROR:crash_report_database_win.cc(469)] failed to stat report
[0723/094501.592:ERROR:crash_report_database_win.cc(469)] failed to stat report
[0723/094501.592:ERROR:crash_report_database_win.cc(469)] failed to stat report
[0723/094501.592:ERROR:crash_report_database_win.cc(469)] failed to stat report
[0723/100001.594:ERROR:crash_report_database_win.cc(469)] failed to stat report
[0723/100001.594:ERROR:crash_report_database_win.cc(469)] failed to stat report
[0723/100001.594:ERROR:crash_report_database_win.cc(469)] failed to stat report
[0723/101501.596:ERROR:crash_report_database_win.cc(469)] failed to stat report
[0723/101501.596:ERROR:crash_report_database_win.cc(469)] failed to stat report
[0723/101501.596:ERROR:crash_report_database_win.cc(469)] failed to stat report
[0723/103001.597:ERROR:crash_report_database_win.cc(469)] failed to stat report
[0723/103001.597:ERROR:crash_report_database_win.cc(469)] failed to stat report
[0723/103001.597:ERROR:crash_report_database_win.cc(469)] failed to stat report
[0723/104501.599:ERROR:crash_report_database_win.cc(469)] failed to stat report
[0723/104501.599:ERROR:crash_report_database_win.cc(469)] failed to stat report
[0723/104501.599:ERROR:crash_report_database_win.cc(469)] failed to stat report
[0723/110001.600:ERROR:crash_report_database_win.cc(469)] failed to stat report
[0723/110001.600:ERROR:crash_report_database_win.cc(469)] failed to stat report
[0723/110001.600:ERROR:crash_report_database_win.cc(469)] failed to stat report
[0723/111501.600:ERROR:crash_report_database_win.cc(469)] failed to stat report
[0723/111501.600:ERROR:crash_report_database_win.cc(469)] failed to stat report
[0723/111501.601:ERROR:crash_report_database_win.cc(469)] failed to stat report
[0723/113001.602:ERROR:crash_report_database_win.cc(469)] failed to stat report
[0723/113001.602:ERROR:crash_report_database_win.cc(469)] failed to stat report
[0723/113001.602:ERROR:crash_report_database_win.cc(469)] failed to stat report
[0723/114501.604:ERROR:crash_report_database_win.cc(469)] failed to stat report
[0723/114501.604:ERROR:crash_report_database_win.cc(469)] failed to stat report
[0723/114501.604:ERROR:crash_report_database_win.cc(469)] failed to stat report
[0723/120001.606:ERROR:crash_report_database_win.cc(469)] failed to stat report
[0723/120001.606:ERROR:crash_report_database_win.cc(469)] failed to stat report
[0723/120001.606:ERROR:crash_report_database_win.cc(469)] failed to stat report
[0723/121501.608:ERROR:crash_report_database_win.cc(469)] failed to stat report
[0723/121501.608:ERROR:crash_report_database_win.cc(469)] failed to stat report
[0723/121501.608:ERROR:crash_report_database_win.cc(469)] failed to stat report
[0723/123001.610:ERROR:crash_report_database_win.cc(469)] failed to stat report
[0723/123001.630:ERROR:crash_report_database_win.cc(469)] failed to stat report
[0723/123001.631:ERROR:crash_report_database_win.cc(469)] failed to stat report
[0723/124501.631:ERROR:crash_report_database_win.cc(469)] failed to stat report
[0723/124501.631:ERROR:crash_report_database_win.cc(469)] failed to stat report
[0723/124501.631:ERROR:crash_report_database_win.cc(469)] failed to stat report
[0723/130001.635:ERROR:crash_report_database_win.cc(469)] failed to stat report
[0723/130001.635:ERROR:crash_report_database_win.cc(469)] failed to stat report
[0723/130001.636:ERROR:crash_report_database_win.cc(469)] failed to stat report
[0723/131501.637:ERROR:crash_report_database_win.cc(469)] failed to stat report
[0723/131501.637:ERROR:crash_report_database_win.cc(469)] failed to stat report
[0723/131501.637:ERROR:crash_report_database_win.cc(469)] failed to stat report
[0723/133001.869:ERROR:crash_report_database_win.cc(469)] failed to stat report
[0723/133001.869:ERROR:crash_report_database_win.cc(469)] failed to stat report
[0723/133001.869:ERROR:crash_report_database_win.cc(469)] failed to stat report
[0723/134502.112:ERROR:crash_report_database_win.cc(469)] failed to stat report
[0723/134502.112:ERROR:crash_report_database_win.cc(469)] failed to stat report
[0723/134502.112:ERROR:crash_report_database_win.cc(469)] failed to stat report
[0723/140002.541:ERROR:crash_report_database_win.cc(469)] failed to stat report
[0723/140002.609:ERROR:crash_report_database_win.cc(469)] failed to stat report
[0723/140002.610:ERROR:crash_report_database_win.cc(469)] failed to stat report
[0723/141502.611:ERROR:crash_report_database_win.cc(469)] failed to stat report
[0723/141502.611:ERROR:crash_report_database_win.cc(469)] failed to stat report
[0723/141502.612:ERROR:crash_report_database_win.cc(469)] failed to stat report
[0723/143002.612:ERROR:crash_report_database_win.cc(469)] failed to stat report
[0723/143002.612:ERROR:crash_report_database_win.cc(469)] failed to stat report
[0723/143002.612:ERROR:crash_report_database_win.cc(469)] failed to stat report
[0723/144502.615:ERROR:crash_report_database_win.cc(469)] failed to stat report
[0723/144502.615:ERROR:crash_report_database_win.cc(469)] failed to stat report
[0723/144502.615:ERROR:crash_report_database_win.cc(469)] failed to stat report
[0723/150002.616:ERROR:crash_report_database_win.cc(469)] failed to stat report
[0723/150002.617:ERROR:crash_report_database_win.cc(469)] failed to stat report
[0723/150002.617:ERROR:crash_report_database_win.cc(469)] failed to stat report
[0723/151502.618:ERROR:crash_report_database_win.cc(469)] failed to stat report
[0723/151502.618:ERROR:crash_report_database_win.cc(469)] failed to stat report
[0723/151502.618:ERROR:crash_report_database_win.cc(469)] failed to stat report
[0723/153002.619:ERROR:crash_report_database_win.cc(469)] failed to stat report
[0723/153002.619:ERROR:crash_report_database_win.cc(469)] failed to stat report
[0723/153002.619:ERROR:crash_report_database_win.cc(469)] failed to stat report
[0723/154502.620:ERROR:crash_report_database_win.cc(469)] failed to stat report
[0723/154502.620:ERROR:crash_report_database_win.cc(469)] failed to stat report
[0723/154502.620:ERROR:crash_report_database_win.cc(469)] failed to stat report
[0723/160002.623:ERROR:crash_report_database_win.cc(469)] failed to stat report
[0723/160002.623:ERROR:crash_report_database_win.cc(469)] failed to stat report
[0723/160002.623:ERROR:crash_report_database_win.cc(469)] failed to stat report
[0723/161502.624:ERROR:crash_report_database_win.cc(469)] failed to stat report
[0723/161502.641:ERROR:crash_report_database_win.cc(469)] failed to stat report
[0723/161502.641:ERROR:crash_report_database_win.cc(469)] failed to stat report
[0723/163002.642:ERROR:crash_report_database_win.cc(469)] failed to stat report
[0723/163002.642:ERROR:crash_report_database_win.cc(469)] failed to stat report
[0723/163002.642:ERROR:crash_report_database_win.cc(469)] failed to stat report
[0723/164502.644:ERROR:crash_report_database_win.cc(469)] failed to stat report
[0723/164502.644:ERROR:crash_report_database_win.cc(469)] failed to stat report
[0723/164502.644:ERROR:crash_report_database_win.cc(469)] failed to stat report
[0723/170002.646:ERROR:crash_report_database_win.cc(469)] failed to stat report
[0723/170002.646:ERROR:crash_report_database_win.cc(469)] failed to stat report
[0723/170002.646:ERROR:crash_report_database_win.cc(469)] failed to stat report
[0723/171502.647:ERROR:crash_report_database_win.cc(469)] failed to stat report
[0723/171502.647:ERROR:crash_report_database_win.cc(469)] failed to stat report
[0723/171502.647:ERROR:crash_report_database_win.cc(469)] failed to stat report
[0723/173002.650:ERROR:crash_report_database_win.cc(469)] failed to stat report
[0723/173002.650:ERROR:crash_report_database_win.cc(469)] failed to stat report
[0723/173002.650:ERROR:crash_report_database_win.cc(469)] failed to stat report
[0723/174502.652:ERROR:crash_report_database_win.cc(469)] failed to stat report
[0723/174502.652:ERROR:crash_report_database_win.cc(469)] failed to stat report
[0723/174502.652:ERROR:crash_report_database_win.cc(469)] failed to stat report
[0723/180002.653:ERROR:crash_report_database_win.cc(469)] failed to stat report
[0723/180002.653:ERROR:crash_report_database_win.cc(469)] failed to stat report
[0723/180002.654:ERROR:crash_report_database_win.cc(469)] failed to stat report
[0723/181502.655:ERROR:crash_report_database_win.cc(469)] failed to stat report
[0723/181502.655:ERROR:crash_report_database_win.cc(469)] failed to stat report
[0723/181502.656:ERROR:crash_report_database_win.cc(469)] failed to stat report
[0723/183002.657:ERROR:crash_report_database_win.cc(469)] failed to stat report
[0723/183002.657:ERROR:crash_report_database_win.cc(469)] failed to stat report
[0723/183002.657:ERROR:crash_report_database_win.cc(469)] failed to stat report
[0723/184502.658:ERROR:crash_report_database_win.cc(469)] failed to stat report
[0723/184502.658:ERROR:crash_report_database_win.cc(469)] failed to stat report
[0723/184502.659:ERROR:crash_report_database_win.cc(469)] failed to stat report
[0723/190002.660:ERROR:crash_report_database_win.cc(469)] failed to stat report
[0723/190002.660:ERROR:crash_report_database_win.cc(469)] failed to stat report
[0723/190002.661:ERROR:crash_report_database_win.cc(469)] failed to stat report
[0723/191502.662:ERROR:crash_report_database_win.cc(469)] failed to stat report
[0723/191502.662:ERROR:crash_report_database_win.cc(469)] failed to stat report
[0723/191502.662:ERROR:crash_report_database_win.cc(469)] failed to stat report
[0723/193002.664:ERROR:crash_report_database_win.cc(469)] failed to stat report
[0723/193002.664:ERROR:crash_report_database_win.cc(469)] failed to stat report
[0723/193002.664:ERROR:crash_report_database_win.cc(469)] failed to stat report
[0723/194502.676:ERROR:crash_report_database_win.cc(469)] failed to stat report
[0723/194502.676:ERROR:crash_report_database_win.cc(469)] failed to stat report
[0723/194502.676:ERROR:crash_report_database_win.cc(469)] failed to stat report
[0723/200002.678:ERROR:crash_report_database_win.cc(469)] failed to stat report
[0723/200002.678:ERROR:crash_report_database_win.cc(469)] failed to stat report
[0723/200002.678:ERROR:crash_report_database_win.cc(469)] failed to stat report
[0723/201502.678:ERROR:crash_report_database_win.cc(469)] failed to stat report
[0723/201502.679:ERROR:crash_report_database_win.cc(469)] failed to stat report
[0723/201502.679:ERROR:crash_report_database_win.cc(469)] failed to stat report
[0723/203002.680:ERROR:crash_report_database_win.cc(469)] failed to stat report
[0723/203002.681:ERROR:crash_report_database_win.cc(469)] failed to stat report
[0723/203002.681:ERROR:crash_report_database_win.cc(469)] failed to stat report
[0723/204502.682:ERROR:crash_report_database_win.cc(469)] failed to stat report
[0723/204502.682:ERROR:crash_report_database_win.cc(469)] failed to stat report
[0723/204502.683:ERROR:crash_report_database_win.cc(469)] failed to stat report
[0723/210002.685:ERROR:crash_report_database_win.cc(469)] failed to stat report
[0723/210002.685:ERROR:crash_report_database_win.cc(469)] failed to stat report
[0723/210002.685:ERROR:crash_report_database_win.cc(469)] failed to stat report
[0723/211502.686:ERROR:crash_report_database_win.cc(469)] failed to stat report
[0723/211502.686:ERROR:crash_report_database_win.cc(469)] failed to stat report
[0723/211502.686:ERROR:crash_report_database_win.cc(469)] failed to stat report
[0723/213002.689:ERROR:crash_report_database_win.cc(469)] failed to stat report
[0723/213002.689:ERROR:crash_report_database_win.cc(469)] failed to stat report
[0723/213002.689:ERROR:crash_report_database_win.cc(469)] failed to stat report
[0723/214502.691:ERROR:crash_report_database_win.cc(469)] failed to stat report
[0723/214502.691:ERROR:crash_report_database_win.cc(469)] failed to stat report
[0723/214502.691:ERROR:crash_report_database_win.cc(469)] failed to stat report
[0723/220002.693:ERROR:crash_report_database_win.cc(469)] failed to stat report
[0723/220002.693:ERROR:crash_report_database_win.cc(469)] failed to stat report
[0723/220002.693:ERROR:crash_report_database_win.cc(469)] failed to stat report
[0723/221502.693:ERROR:crash_report_database_win.cc(469)] failed to stat report
[0723/221502.693:ERROR:crash_report_database_win.cc(469)] failed to stat report
[0723/221502.694:ERROR:crash_report_database_win.cc(469)] failed to stat report
[0723/223002.695:ERROR:crash_report_database_win.cc(469)] failed to stat report
[0723/223002.695:ERROR:crash_report_database_win.cc(469)] failed to stat report
[0723/223002.695:ERROR:crash_report_database_win.cc(469)] failed to stat report
[0723/224502.696:ERROR:crash_report_database_win.cc(469)] failed to stat report
[0723/224502.696:ERROR:crash_report_database_win.cc(469)] failed to stat report
[0723/224502.696:ERROR:crash_report_database_win.cc(469)] failed to stat report
[0723/230002.697:ERROR:crash_report_database_win.cc(469)] failed to stat report
[0723/230002.698:ERROR:crash_report_database_win.cc(469)] failed to stat report
[0723/230002.698:ERROR:crash_report_database_win.cc(469)] failed to stat report
[0723/231502.698:ERROR:crash_report_database_win.cc(469)] failed to stat report
[0723/231502.698:ERROR:crash_report_database_win.cc(469)] failed to stat report
[0723/231502.698:ERROR:crash_report_database_win.cc(469)] failed to stat report
[0724/094043.901:ERROR:crash_report_database_win.cc(469)] failed to stat report
[0724/094043.919:ERROR:crash_report_database_win.cc(469)] failed to stat report
[0724/094043.919:ERROR:crash_report_database_win.cc(469)] failed to stat report
[0724/094305.844:ERROR:crash_report_database_win.cc(469)] failed to stat report
[0724/094305.845:ERROR:crash_report_database_win.cc(469)] failed to stat report
[0724/094305.845:ERROR:crash_report_database_win.cc(469)] failed to stat report
[0724/104935.012:ERROR:crash_report_database_win.cc(469)] failed to stat report
[0724/104935.013:ERROR:crash_report_database_win.cc(469)] failed to stat report
[0724/104935.013:ERROR:crash_report_database_win.cc(469)] failed to stat report
[0724/105150.196:ERROR:crash_report_database_win.cc(469)] failed to stat report
[0724/105150.197:ERROR:crash_report_database_win.cc(469)] failed to stat report
[0724/105150.197:ERROR:crash_report_database_win.cc(469)] failed to stat report
[0724/113256.292:ERROR:crash_report_database_win.cc(469)] failed to stat report
[0724/113256.293:ERROR:crash_report_database_win.cc(469)] failed to stat report
[0724/113256.293:ERROR:crash_report_database_win.cc(469)] failed to stat report
[0724/113335.553:ERROR:crash_report_database_win.cc(469)] failed to stat report
[0724/113335.554:ERROR:crash_report_database_win.cc(469)] failed to stat report
[0724/113335.554:ERROR:crash_report_database_win.cc(469)] failed to stat report
[0724/142514.610:ERROR:crash_report_database_win.cc(469)] failed to stat report
[0724/142514.610:ERROR:crash_report_database_win.cc(469)] failed to stat report
[0724/142514.610:ERROR:crash_report_database_win.cc(469)] failed to stat report
[0724/145720.388:ERROR:crash_report_database_win.cc(469)] failed to stat report
[0724/145720.389:ERROR:crash_report_database_win.cc(469)] failed to stat report
[0724/145720.389:ERROR:crash_report_database_win.cc(469)] failed to stat report
[0724/160056.519:ERROR:crash_report_database_win.cc(469)] failed to stat report
[0724/160056.520:ERROR:crash_report_database_win.cc(469)] failed to stat report
[0724/160056.520:ERROR:crash_report_database_win.cc(469)] failed to stat report
[0724/160128.685:ERROR:crash_report_database_win.cc(469)] failed to stat report
[0724/160128.686:ERROR:crash_report_database_win.cc(469)] failed to stat report
[0724/160128.686:ERROR:crash_report_database_win.cc(469)] failed to stat report
[0727/092644.242:ERROR:crash_report_database_win.cc(469)] failed to stat report
[0727/092644.260:ERROR:crash_report_database_win.cc(469)] failed to stat report
[0727/092644.260:ERROR:crash_report_database_win.cc(469)] failed to stat report
[0727/092929.381:ERROR:crash_report_database_win.cc(469)] failed to stat report
[0727/092929.382:ERROR:crash_report_database_win.cc(469)] failed to stat report
[0727/092929.382:ERROR:crash_report_database_win.cc(469)] failed to stat report
[0727/093644.242:ERROR:crash_report_database_win.cc(469)] failed to stat report
[0727/093644.242:ERROR:crash_report_database_win.cc(469)] failed to stat report
[0727/093644.242:ERROR:crash_report_database_win.cc(469)] failed to stat report
[0727/093644.243:ERROR:crash_report_database_win.cc(469)] failed to stat report
[0727/093644.243:ERROR:crash_report_database_win.cc(469)] failed to stat report
[0727/093644.243:ERROR:crash_report_database_win.cc(469)] failed to stat report
[0727/094144.261:ERROR:crash_report_database_win.cc(469)] failed to stat report
[0727/094144.261:ERROR:crash_report_database_win.cc(469)] failed to stat report
[0727/094144.261:ERROR:crash_report_database_win.cc(469)] failed to stat report
[0727/095644.262:ERROR:crash_report_database_win.cc(469)] failed to stat report
[0727/095644.262:ERROR:crash_report_database_win.cc(469)] failed to stat report
[0727/095644.262:ERROR:crash_report_database_win.cc(469)] failed to stat report
[0727/101144.268:ERROR:crash_report_database_win.cc(469)] failed to stat report
[0727/101144.269:ERROR:crash_report_database_win.cc(469)] failed to stat report
[0727/101144.269:ERROR:crash_report_database_win.cc(469)] failed to stat report
[0727/102644.270:ERROR:crash_report_database_win.cc(469)] failed to stat report
[0727/102644.270:ERROR:crash_report_database_win.cc(469)] failed to stat report
[0727/102644.270:ERROR:crash_report_database_win.cc(469)] failed to stat report
[0727/104144.271:ERROR:crash_report_database_win.cc(469)] failed to stat report
[0727/104144.271:ERROR:crash_report_database_win.cc(469)] failed to stat report
[0727/104144.271:ERROR:crash_report_database_win.cc(469)] failed to stat report
[0727/105644.273:ERROR:crash_report_database_win.cc(469)] failed to stat report
[0727/105644.273:ERROR:crash_report_database_win.cc(469)] failed to stat report
[0727/105644.273:ERROR:crash_report_database_win.cc(469)] failed to stat report
[0727/111144.275:ERROR:crash_report_database_win.cc(469)] failed to stat report
[0727/111144.275:ERROR:crash_report_database_win.cc(469)] failed to stat report
[0727/111144.275:ERROR:crash_report_database_win.cc(469)] failed to stat report
[0727/112644.277:ERROR:crash_report_database_win.cc(469)] failed to stat report
[0727/112644.277:ERROR:crash_report_database_win.cc(469)] failed to stat report
[0727/112644.277:ERROR:crash_report_database_win.cc(469)] failed to stat report
[0727/114144.319:ERROR:crash_report_database_win.cc(469)] failed to stat report
[0727/114144.320:ERROR:crash_report_database_win.cc(469)] failed to stat report
[0727/114144.320:ERROR:crash_report_database_win.cc(469)] failed to stat report
[0727/115644.320:ERROR:crash_report_database_win.cc(469)] failed to stat report
[0727/115644.321:ERROR:crash_report_database_win.cc(469)] failed to stat report
[0727/115644.321:ERROR:crash_report_database_win.cc(469)] failed to stat report
[0727/121144.322:ERROR:crash_report_database_win.cc(469)] failed to stat report
[0727/121144.322:ERROR:crash_report_database_win.cc(469)] failed to stat report
[0727/121144.322:ERROR:crash_report_database_win.cc(469)] failed to stat report
[0727/122644.324:ERROR:crash_report_database_win.cc(469)] failed to stat report
[0727/122644.324:ERROR:crash_report_database_win.cc(469)] failed to stat report
[0727/122644.324:ERROR:crash_report_database_win.cc(469)] failed to stat report
[0727/124144.325:ERROR:crash_report_database_win.cc(469)] failed to stat report
[0727/124144.325:ERROR:crash_report_database_win.cc(469)] failed to stat report
[0727/124144.325:ERROR:crash_report_database_win.cc(469)] failed to stat report
[0727/125644.327:ERROR:crash_report_database_win.cc(469)] failed to stat report
[0727/125644.327:ERROR:crash_report_database_win.cc(469)] failed to stat report
[0727/125644.327:ERROR:crash_report_database_win.cc(469)] failed to stat report
[0727/131144.328:ERROR:crash_report_database_win.cc(469)] failed to stat report
[0727/131144.328:ERROR:crash_report_database_win.cc(469)] failed to stat report
[0727/131144.328:ERROR:crash_report_database_win.cc(469)] failed to stat report
[0727/132644.329:ERROR:crash_report_database_win.cc(469)] failed to stat report
[0727/132644.329:ERROR:crash_report_database_win.cc(469)] failed to stat report
[0727/132644.329:ERROR:crash_report_database_win.cc(469)] failed to stat report
[0727/134144.331:ERROR:crash_report_database_win.cc(469)] failed to stat report
[0727/134144.331:ERROR:crash_report_database_win.cc(469)] failed to stat report
[0727/134144.332:ERROR:crash_report_database_win.cc(469)] failed to stat report
[0727/135644.332:ERROR:crash_report_database_win.cc(469)] failed to stat report
[0727/135644.333:ERROR:crash_report_database_win.cc(469)] failed to stat report
[0727/135644.333:ERROR:crash_report_database_win.cc(469)] failed to stat report
[0727/141144.336:ERROR:crash_report_database_win.cc(469)] failed to stat report
[0727/141144.336:ERROR:crash_report_database_win.cc(469)] failed to stat report
[0727/141144.336:ERROR:crash_report_database_win.cc(469)] failed to stat report
[0727/142644.338:ERROR:crash_report_database_win.cc(469)] failed to stat report
[0727/142644.338:ERROR:crash_report_database_win.cc(469)] failed to stat report
[0727/142644.338:ERROR:crash_report_database_win.cc(469)] failed to stat report
[0727/144144.339:ERROR:crash_report_database_win.cc(469)] failed to stat report
[0727/144144.339:ERROR:crash_report_database_win.cc(469)] failed to stat report
[0727/144144.339:ERROR:crash_report_database_win.cc(469)] failed to stat report
[0727/145644.341:ERROR:crash_report_database_win.cc(469)] failed to stat report
[0727/145644.341:ERROR:crash_report_database_win.cc(469)] failed to stat report
[0727/145644.341:ERROR:crash_report_database_win.cc(469)] failed to stat report
[0727/151144.342:ERROR:crash_report_database_win.cc(469)] failed to stat report
[0727/151144.343:ERROR:crash_report_database_win.cc(469)] failed to stat report
[0727/151144.343:ERROR:crash_report_database_win.cc(469)] failed to stat report
[0727/152644.344:ERROR:crash_report_database_win.cc(469)] failed to stat report
[0727/152644.344:ERROR:crash_report_database_win.cc(469)] failed to stat report
[0727/152644.344:ERROR:crash_report_database_win.cc(469)] failed to stat report
[0727/154144.346:ERROR:crash_report_database_win.cc(469)] failed to stat report
[0727/154144.346:ERROR:crash_report_database_win.cc(469)] failed to stat report
[0727/154144.346:ERROR:crash_report_database_win.cc(469)] failed to stat report
[0727/155644.347:ERROR:crash_report_database_win.cc(469)] failed to stat report
[0727/155644.347:ERROR:crash_report_database_win.cc(469)] failed to stat report
[0727/155644.347:ERROR:crash_report_database_win.cc(469)] failed to stat report
[0727/161144.349:ERROR:crash_report_database_win.cc(469)] failed to stat report
[0727/161144.349:ERROR:crash_report_database_win.cc(469)] failed to stat report
[0727/161144.349:ERROR:crash_report_database_win.cc(469)] failed to stat report
[0727/162644.351:ERROR:crash_report_database_win.cc(469)] failed to stat report
[0727/162644.351:ERROR:crash_report_database_win.cc(469)] failed to stat report
[0727/162644.351:ERROR:crash_report_database_win.cc(469)] failed to stat report
[0727/164144.354:ERROR:crash_report_database_win.cc(469)] failed to stat report
[0727/164144.354:ERROR:crash_report_database_win.cc(469)] failed to stat report
[0727/164144.354:ERROR:crash_report_database_win.cc(469)] failed to stat report
[0727/165644.356:ERROR:crash_report_database_win.cc(469)] failed to stat report
[0727/165644.356:ERROR:crash_report_database_win.cc(469)] failed to stat report
[0727/165644.356:ERROR:crash_report_database_win.cc(469)] failed to stat report
[0727/171144.358:ERROR:crash_report_database_win.cc(469)] failed to stat report
[0727/171144.358:ERROR:crash_report_database_win.cc(469)] failed to stat report
[0727/171144.358:ERROR:crash_report_database_win.cc(469)] failed to stat report
[0727/172644.359:ERROR:crash_report_database_win.cc(469)] failed to stat report
[0727/172644.359:ERROR:crash_report_database_win.cc(469)] failed to stat report
[0727/172644.360:ERROR:crash_report_database_win.cc(469)] failed to stat report
[0727/174144.362:ERROR:crash_report_database_win.cc(469)] failed to stat report
[0727/174144.362:ERROR:crash_report_database_win.cc(469)] failed to stat report
[0727/174144.362:ERROR:crash_report_database_win.cc(469)] failed to stat report
[0727/175644.363:ERROR:crash_report_database_win.cc(469)] failed to stat report
[0727/175644.363:ERROR:crash_report_database_win.cc(469)] failed to stat report
[0727/175644.363:ERROR:crash_report_database_win.cc(469)] failed to stat report
[0727/181144.365:ERROR:crash_report_database_win.cc(469)] failed to stat report
[0727/181144.365:ERROR:crash_report_database_win.cc(469)] failed to stat report
[0727/181144.365:ERROR:crash_report_database_win.cc(469)] failed to stat report
[0727/182644.366:ERROR:crash_report_database_win.cc(469)] failed to stat report
[0727/182644.366:ERROR:crash_report_database_win.cc(469)] failed to stat report
[0727/182644.366:ERROR:crash_report_database_win.cc(469)] failed to stat report
[0727/184144.369:ERROR:crash_report_database_win.cc(469)] failed to stat report
[0727/184144.369:ERROR:crash_report_database_win.cc(469)] failed to stat report
[0727/184144.369:ERROR:crash_report_database_win.cc(469)] failed to stat report
[0727/185644.370:ERROR:crash_report_database_win.cc(469)] failed to stat report
[0727/185644.370:ERROR:crash_report_database_win.cc(469)] failed to stat report
[0727/185644.370:ERROR:crash_report_database_win.cc(469)] failed to stat report
[0727/191144.371:ERROR:crash_report_database_win.cc(469)] failed to stat report
[0727/191144.371:ERROR:crash_report_database_win.cc(469)] failed to stat report
[0727/191144.371:ERROR:crash_report_database_win.cc(469)] failed to stat report
[0727/192644.775:ERROR:crash_report_database_win.cc(469)] failed to stat report
[0727/192644.875:ERROR:crash_report_database_win.cc(469)] failed to stat report
[0727/192644.875:ERROR:crash_report_database_win.cc(469)] failed to stat report
[0727/194144.986:ERROR:crash_report_database_win.cc(469)] failed to stat report
[0727/194144.986:ERROR:crash_report_database_win.cc(469)] failed to stat report
[0727/194144.986:ERROR:crash_report_database_win.cc(469)] failed to stat report
[0727/195644.988:ERROR:crash_report_database_win.cc(469)] failed to stat report
[0727/195644.988:ERROR:crash_report_database_win.cc(469)] failed to stat report
[0727/195644.988:ERROR:crash_report_database_win.cc(469)] failed to stat report
[0727/201144.990:ERROR:crash_report_database_win.cc(469)] failed to stat report
[0727/201144.990:ERROR:crash_report_database_win.cc(469)] failed to stat report
[0727/201144.990:ERROR:crash_report_database_win.cc(469)] failed to stat report
[0727/202644.992:ERROR:crash_report_database_win.cc(469)] failed to stat report
[0727/202644.992:ERROR:crash_report_database_win.cc(469)] failed to stat report
[0727/202644.992:ERROR:crash_report_database_win.cc(469)] failed to stat report
[0727/204144.993:ERROR:crash_report_database_win.cc(469)] failed to stat report
[0727/204144.993:ERROR:crash_report_database_win.cc(469)] failed to stat report
[0727/204144.993:ERROR:crash_report_database_win.cc(469)] failed to stat report
[0727/205644.996:ERROR:crash_report_database_win.cc(469)] failed to stat report
[0727/205644.996:ERROR:crash_report_database_win.cc(469)] failed to stat report
[0727/205644.996:ERROR:crash_report_database_win.cc(469)] failed to stat report
[0727/211144.997:ERROR:crash_report_database_win.cc(469)] failed to stat report
[0727/211144.997:ERROR:crash_report_database_win.cc(469)] failed to stat report
[0727/211144.997:ERROR:crash_report_database_win.cc(469)] failed to stat report
[0727/212644.999:ERROR:crash_report_database_win.cc(469)] failed to stat report
[0727/212645.000:ERROR:crash_report_database_win.cc(469)] failed to stat report
[0727/212645.000:ERROR:crash_report_database_win.cc(469)] failed to stat report
[0727/214145.002:ERROR:crash_report_database_win.cc(469)] failed to stat report
[0727/214145.002:ERROR:crash_report_database_win.cc(469)] failed to stat report
[0727/214145.002:ERROR:crash_report_database_win.cc(469)] failed to stat report
[0727/215645.002:ERROR:crash_report_database_win.cc(469)] failed to stat report
[0727/215645.002:ERROR:crash_report_database_win.cc(469)] failed to stat report
[0727/215645.002:ERROR:crash_report_database_win.cc(469)] failed to stat report
[0727/221145.005:ERROR:crash_report_database_win.cc(469)] failed to stat report
[0727/221145.005:ERROR:crash_report_database_win.cc(469)] failed to stat report
[0727/221145.005:ERROR:crash_report_database_win.cc(469)] failed to stat report
[0727/222645.006:ERROR:crash_report_database_win.cc(469)] failed to stat report
[0727/222645.006:ERROR:crash_report_database_win.cc(469)] failed to stat report
[0727/222645.006:ERROR:crash_report_database_win.cc(469)] failed to stat report
[0727/224145.008:ERROR:crash_report_database_win.cc(469)] failed to stat report
[0727/224145.008:ERROR:crash_report_database_win.cc(469)] failed to stat report
[0727/224145.008:ERROR:crash_report_database_win.cc(469)] failed to stat report
[0728/211542.824:ERROR:crash_report_database_win.cc(469)] failed to stat report
[0728/211542.856:ERROR:crash_report_database_win.cc(469)] failed to stat report
[0728/211542.856:ERROR:crash_report_database_win.cc(469)] failed to stat report
[0728/212340.707:ERROR:crash_report_database_win.cc(469)] failed to stat report
[0728/212340.708:ERROR:crash_report_database_win.cc(469)] failed to stat report
[0728/212340.708:ERROR:crash_report_database_win.cc(469)] failed to stat report
[0730/115651.542:ERROR:crash_report_database_win.cc(469)] failed to stat report
[0730/115651.555:ERROR:crash_report_database_win.cc(469)] failed to stat report
[0730/115651.555:ERROR:crash_report_database_win.cc(469)] failed to stat report
[0730/120007.103:ERROR:crash_report_database_win.cc(469)] failed to stat report
[0730/120007.104:ERROR:crash_report_database_win.cc(469)] failed to stat report
[0730/120007.104:ERROR:crash_report_database_win.cc(469)] failed to stat report
[0730/130704.759:ERROR:crash_report_database_win.cc(469)] failed to stat report
[0730/130704.760:ERROR:crash_report_database_win.cc(469)] failed to stat report
[0730/130704.760:ERROR:crash_report_database_win.cc(469)] failed to stat report
[0730/130830.850:ERROR:crash_report_database_win.cc(469)] failed to stat report
[0730/130830.851:ERROR:crash_report_database_win.cc(469)] failed to stat report
[0730/130830.851:ERROR:crash_report_database_win.cc(469)] failed to stat report
[0730/175713.486:ERROR:crash_report_database_win.cc(469)] failed to stat report
[0730/175713.488:ERROR:crash_report_database_win.cc(469)] failed to stat report
[0730/175713.488:ERROR:crash_report_database_win.cc(469)] failed to stat report
[0730/192802.753:ERROR:crash_report_database_win.cc(469)] failed to stat report
[0730/192802.754:ERROR:crash_report_database_win.cc(469)] failed to stat report
[0730/192802.754:ERROR:crash_report_database_win.cc(469)] failed to stat report
[0730/193045.836:ERROR:crash_report_database_win.cc(469)] failed to stat report
[0730/193045.837:ERROR:crash_report_database_win.cc(469)] failed to stat report
[0730/193045.837:ERROR:crash_report_database_win.cc(469)] failed to stat report
[0731/095317.735:ERROR:crash_report_database_win.cc(469)] failed to stat report
[0731/095317.736:ERROR:crash_report_database_win.cc(469)] failed to stat report
[0731/095317.736:ERROR:crash_report_database_win.cc(469)] failed to stat report
[0731/095804.676:ERROR:crash_report_database_win.cc(469)] failed to stat report
[0731/095804.677:ERROR:crash_report_database_win.cc(469)] failed to stat report
[0731/095804.677:ERROR:crash_report_database_win.cc(469)] failed to stat report
[0731/101417.034:ERROR:crash_report_database_win.cc(469)] failed to stat report
[0731/101417.035:ERROR:crash_report_database_win.cc(469)] failed to stat report
[0731/101417.035:ERROR:crash_report_database_win.cc(469)] failed to stat report
[0731/101513.878:ERROR:crash_report_database_win.cc(469)] failed to stat report
[0731/101513.905:ERROR:crash_report_database_win.cc(469)] failed to stat report
[0731/101513.905:ERROR:crash_report_database_win.cc(469)] failed to stat report
[0731/102856.406:ERROR:crash_report_database_win.cc(469)] failed to stat report
[0731/102856.407:ERROR:crash_report_database_win.cc(469)] failed to stat report
[0731/102856.407:ERROR:crash_report_database_win.cc(469)] failed to stat report
[0731/102955.206:ERROR:crash_report_database_win.cc(469)] failed to stat report
[0731/102955.207:ERROR:crash_report_database_win.cc(469)] failed to stat report
[0731/102955.207:ERROR:crash_report_database_win.cc(469)] failed to stat report
[0731/112634.848:ERROR:crash_report_database_win.cc(469)] failed to stat report
[0731/112634.868:ERROR:crash_report_database_win.cc(469)] failed to stat report
[0731/112634.868:ERROR:crash_report_database_win.cc(469)] failed to stat report
[0731/112732.188:ERROR:crash_report_database_win.cc(469)] failed to stat report
[0731/112732.189:ERROR:crash_report_database_win.cc(469)] failed to stat report
[0731/112732.189:ERROR:crash_report_database_win.cc(469)] failed to stat report
[0731/113851.980:ERROR:crash_report_database_win.cc(469)] failed to stat report
[0731/113851.982:ERROR:crash_report_database_win.cc(469)] failed to stat report
[0731/113851.982:ERROR:crash_report_database_win.cc(469)] failed to stat report
[0731/113928.513:ERROR:crash_report_database_win.cc(469)] failed to stat report
[0731/113928.514:ERROR:crash_report_database_win.cc(469)] failed to stat report
[0731/113928.514:ERROR:crash_report_database_win.cc(469)] failed to stat report
[0731/121218.080:ERROR:crash_report_database_win.cc(469)] failed to stat report
[0731/121218.085:ERROR:crash_report_database_win.cc(469)] failed to stat report
[0731/121218.086:ERROR:crash_report_database_win.cc(469)] failed to stat report
[0731/121538.468:ERROR:crash_report_database_win.cc(469)] failed to stat report
[0731/121538.469:ERROR:crash_report_database_win.cc(469)] failed to stat report
[0731/121538.469:ERROR:crash_report_database_win.cc(469)] failed to stat report
[0731/121622.364:ERROR:crash_report_database_win.cc(469)] failed to stat report
[0731/121622.365:ERROR:crash_report_database_win.cc(469)] failed to stat report
[0731/121622.365:ERROR:crash_report_database_win.cc(469)] failed to stat report
[0731/131357.915:ERROR:crash_report_database_win.cc(469)] failed to stat report
[0731/131357.915:ERROR:crash_report_database_win.cc(469)] failed to stat report
[0731/131357.915:ERROR:crash_report_database_win.cc(469)] failed to stat report
[0731/131939.406:ERROR:crash_report_database_win.cc(469)] failed to stat report
[0731/131939.407:ERROR:crash_report_database_win.cc(469)] failed to stat report
[0731/131939.407:ERROR:crash_report_database_win.cc(469)] failed to stat report
[0803/152254.570:ERROR:crash_report_database_win.cc(469)] failed to stat report
[0803/152254.608:ERROR:crash_report_database_win.cc(469)] failed to stat report
[0803/152254.608:ERROR:crash_report_database_win.cc(469)] failed to stat report
[0803/152548.797:ERROR:crash_report_database_win.cc(469)] failed to stat report
[0803/152548.798:ERROR:crash_report_database_win.cc(469)] failed to stat report
[0803/152548.798:ERROR:crash_report_database_win.cc(469)] failed to stat report
[0804/092328.811:ERROR:crash_report_database_win.cc(469)] failed to stat report
[0804/092328.826:ERROR:crash_report_database_win.cc(469)] failed to stat report
[0804/092328.827:ERROR:crash_report_database_win.cc(469)] failed to stat report
[0804/092513.502:ERROR:crash_report_database_win.cc(469)] failed to stat report
[0804/092513.503:ERROR:crash_report_database_win.cc(469)] failed to stat report
[0804/092513.503:ERROR:crash_report_database_win.cc(469)] failed to stat report
[0804/093328.803:ERROR:crash_report_database_win.cc(469)] failed to stat report
[0804/093328.803:ERROR:crash_report_database_win.cc(469)] failed to stat report
[0804/093328.804:ERROR:crash_report_database_win.cc(469)] failed to stat report
[0804/093328.804:ERROR:crash_report_database_win.cc(469)] failed to stat report
[0804/093328.804:ERROR:crash_report_database_win.cc(469)] failed to stat report
[0804/093328.804:ERROR:crash_report_database_win.cc(469)] failed to stat report
[0804/093828.829:ERROR:crash_report_database_win.cc(469)] failed to stat report
[0804/093828.829:ERROR:crash_report_database_win.cc(469)] failed to stat report
[0804/093828.829:ERROR:crash_report_database_win.cc(469)] failed to stat report
[0804/095328.831:ERROR:crash_report_database_win.cc(469)] failed to stat report
[0804/095328.831:ERROR:crash_report_database_win.cc(469)] failed to stat report
[0804/095328.831:ERROR:crash_report_database_win.cc(469)] failed to stat report
[0804/100828.832:ERROR:crash_report_database_win.cc(469)] failed to stat report
[0804/100828.833:ERROR:crash_report_database_win.cc(469)] failed to stat report
[0804/100828.833:ERROR:crash_report_database_win.cc(469)] failed to stat report
[0804/102328.834:ERROR:crash_report_database_win.cc(469)] failed to stat report
[0804/102328.834:ERROR:crash_report_database_win.cc(469)] failed to stat report
[0804/102328.834:ERROR:crash_report_database_win.cc(469)] failed to stat report
[0804/103828.836:ERROR:crash_report_database_win.cc(469)] failed to stat report
[0804/103828.836:ERROR:crash_report_database_win.cc(469)] failed to stat report
[0804/103828.836:ERROR:crash_report_database_win.cc(469)] failed to stat report
[0804/105328.839:ERROR:crash_report_database_win.cc(469)] failed to stat report
[0804/105328.839:ERROR:crash_report_database_win.cc(469)] failed to stat report
[0804/105328.839:ERROR:crash_report_database_win.cc(469)] failed to stat report
[0804/110828.839:ERROR:crash_report_database_win.cc(469)] failed to stat report
[0804/110828.839:ERROR:crash_report_database_win.cc(469)] failed to stat report
[0804/110828.839:ERROR:crash_report_database_win.cc(469)] failed to stat report
[0804/112328.840:ERROR:crash_report_database_win.cc(469)] failed to stat report
[0804/112328.841:ERROR:crash_report_database_win.cc(469)] failed to stat report
[0804/112328.841:ERROR:crash_report_database_win.cc(469)] failed to stat report
[0804/113828.841:ERROR:crash_report_database_win.cc(469)] failed to stat report
[0804/113828.841:ERROR:crash_report_database_win.cc(469)] failed to stat report
[0804/113828.841:ERROR:crash_report_database_win.cc(469)] failed to stat report
[0804/115328.844:ERROR:crash_report_database_win.cc(469)] failed to stat report
[0804/115328.844:ERROR:crash_report_database_win.cc(469)] failed to stat report
[0804/115328.844:ERROR:crash_report_database_win.cc(469)] failed to stat report
[0804/120828.844:ERROR:crash_report_database_win.cc(469)] failed to stat report
[0804/120828.844:ERROR:crash_report_database_win.cc(469)] failed to stat report
[0804/120828.844:ERROR:crash_report_database_win.cc(469)] failed to stat report
[0804/122328.849:ERROR:crash_report_database_win.cc(469)] failed to stat report
[0804/122328.850:ERROR:crash_report_database_win.cc(469)] failed to stat report
[0804/122328.850:ERROR:crash_report_database_win.cc(469)] failed to stat report
[0804/123828.851:ERROR:crash_report_database_win.cc(469)] failed to stat report
[0804/123828.851:ERROR:crash_report_database_win.cc(469)] failed to stat report
[0804/123828.852:ERROR:crash_report_database_win.cc(469)] failed to stat report
[0804/125328.853:ERROR:crash_report_database_win.cc(469)] failed to stat report
[0804/125328.853:ERROR:crash_report_database_win.cc(469)] failed to stat report
[0804/125328.853:ERROR:crash_report_database_win.cc(469)] failed to stat report
[0804/130828.856:ERROR:crash_report_database_win.cc(469)] failed to stat report
[0804/130828.856:ERROR:crash_report_database_win.cc(469)] failed to stat report
[0804/130828.856:ERROR:crash_report_database_win.cc(469)] failed to stat report
[0804/132328.860:ERROR:crash_report_database_win.cc(469)] failed to stat report
[0804/132328.861:ERROR:crash_report_database_win.cc(469)] failed to stat report
[0804/132328.861:ERROR:crash_report_database_win.cc(469)] failed to stat report
[0804/133828.863:ERROR:crash_report_database_win.cc(469)] failed to stat report
[0804/133828.870:ERROR:crash_report_database_win.cc(469)] failed to stat report
[0804/133828.870:ERROR:crash_report_database_win.cc(469)] failed to stat report
[0804/135328.875:ERROR:crash_report_database_win.cc(469)] failed to stat report
[0804/135328.875:ERROR:crash_report_database_win.cc(469)] failed to stat report
[0804/135328.875:ERROR:crash_report_database_win.cc(469)] failed to stat report
[0804/140828.878:ERROR:crash_report_database_win.cc(469)] failed to stat report
[0804/140828.878:ERROR:crash_report_database_win.cc(469)] failed to stat report
[0804/140828.878:ERROR:crash_report_database_win.cc(469)] failed to stat report
[0804/142328.891:ERROR:crash_report_database_win.cc(469)] failed to stat report
[0804/142328.891:ERROR:crash_report_database_win.cc(469)] failed to stat report
[0804/142328.891:ERROR:crash_report_database_win.cc(469)] failed to stat report
[0804/143828.900:ERROR:crash_report_database_win.cc(469)] failed to stat report
[0804/143828.900:ERROR:crash_report_database_win.cc(469)] failed to stat report
[0804/143828.900:ERROR:crash_report_database_win.cc(469)] failed to stat report
[0804/145328.926:ERROR:crash_report_database_win.cc(469)] failed to stat report
[0804/145328.926:ERROR:crash_report_database_win.cc(469)] failed to stat report
[0804/145328.926:ERROR:crash_report_database_win.cc(469)] failed to stat report
[0804/150828.933:ERROR:crash_report_database_win.cc(469)] failed to stat report
[0804/150828.934:ERROR:crash_report_database_win.cc(469)] failed to stat report
[0804/150828.934:ERROR:crash_report_database_win.cc(469)] failed to stat report
[0804/152328.935:ERROR:crash_report_database_win.cc(469)] failed to stat report
[0804/152328.935:ERROR:crash_report_database_win.cc(469)] failed to stat report
[0804/152328.935:ERROR:crash_report_database_win.cc(469)] failed to stat report
[0804/153828.937:ERROR:crash_report_database_win.cc(469)] failed to stat report
[0804/153828.937:ERROR:crash_report_database_win.cc(469)] failed to stat report
[0804/153828.937:ERROR:crash_report_database_win.cc(469)] failed to stat report
[0804/155328.937:ERROR:crash_report_database_win.cc(469)] failed to stat report
[0804/155328.937:ERROR:crash_report_database_win.cc(469)] failed to stat report
[0804/155328.937:ERROR:crash_report_database_win.cc(469)] failed to stat report
[0804/160828.939:ERROR:crash_report_database_win.cc(469)] failed to stat report
[0804/160828.939:ERROR:crash_report_database_win.cc(469)] failed to stat report
[0804/160828.940:ERROR:crash_report_database_win.cc(469)] failed to stat report
[0804/162328.942:ERROR:crash_report_database_win.cc(469)] failed to stat report
[0804/162328.943:ERROR:crash_report_database_win.cc(469)] failed to stat report
[0804/162328.943:ERROR:crash_report_database_win.cc(469)] failed to stat report
[0804/163828.943:ERROR:crash_report_database_win.cc(469)] failed to stat report
[0804/163828.943:ERROR:crash_report_database_win.cc(469)] failed to stat report
[0804/163828.943:ERROR:crash_report_database_win.cc(469)] failed to stat report
[0804/165328.946:ERROR:crash_report_database_win.cc(469)] failed to stat report
[0804/165328.946:ERROR:crash_report_database_win.cc(469)] failed to stat report
[0804/165328.946:ERROR:crash_report_database_win.cc(469)] failed to stat report
[0804/170828.949:ERROR:crash_report_database_win.cc(469)] failed to stat report
[0804/170828.950:ERROR:crash_report_database_win.cc(469)] failed to stat report
[0804/170828.950:ERROR:crash_report_database_win.cc(469)] failed to stat report
[0804/172328.952:ERROR:crash_report_database_win.cc(469)] failed to stat report
[0804/172328.952:ERROR:crash_report_database_win.cc(469)] failed to stat report
[0804/172328.953:ERROR:crash_report_database_win.cc(469)] failed to stat report
[0804/173828.954:ERROR:crash_report_database_win.cc(469)] failed to stat report
[0804/173828.954:ERROR:crash_report_database_win.cc(469)] failed to stat report
[0804/173828.954:ERROR:crash_report_database_win.cc(469)] failed to stat report
[0804/175328.956:ERROR:crash_report_database_win.cc(469)] failed to stat report
[0804/175328.956:ERROR:crash_report_database_win.cc(469)] failed to stat report
[0804/175328.956:ERROR:crash_report_database_win.cc(469)] failed to stat report
[0804/180828.958:ERROR:crash_report_database_win.cc(469)] failed to stat report
[0804/180828.958:ERROR:crash_report_database_win.cc(469)] failed to stat report
[0804/180828.958:ERROR:crash_report_database_win.cc(469)] failed to stat report
[0804/182328.973:ERROR:crash_report_database_win.cc(469)] failed to stat report
[0804/182328.973:ERROR:crash_report_database_win.cc(469)] failed to stat report
[0804/182328.973:ERROR:crash_report_database_win.cc(469)] failed to stat report
[0804/183828.976:ERROR:crash_report_database_win.cc(469)] failed to stat report
[0804/183828.977:ERROR:crash_report_database_win.cc(469)] failed to stat report
[0804/183828.977:ERROR:crash_report_database_win.cc(469)] failed to stat report
[0804/184724.216:ERROR:crash_report_database_win.cc(469)] failed to stat report
[0804/184724.217:ERROR:crash_report_database_win.cc(469)] failed to stat report
[0804/184724.217:ERROR:crash_report_database_win.cc(469)] failed to stat report
[0804/185059.398:ERROR:crash_report_database_win.cc(469)] failed to stat report
[0804/185059.399:ERROR:crash_report_database_win.cc(469)] failed to stat report
[0804/185059.399:ERROR:crash_report_database_win.cc(469)] failed to stat report
[0804/185328.978:ERROR:crash_report_database_win.cc(469)] failed to stat report
[0804/185328.979:ERROR:crash_report_database_win.cc(469)] failed to stat report
[0804/185328.979:ERROR:crash_report_database_win.cc(469)] failed to stat report
[0804/185948.247:ERROR:crash_report_database_win.cc(469)] failed to stat report
[0804/185948.248:ERROR:crash_report_database_win.cc(469)] failed to stat report
[0804/185948.248:ERROR:crash_report_database_win.cc(469)] failed to stat report
[0804/190828.981:ERROR:crash_report_database_win.cc(469)] failed to stat report
[0804/190828.981:ERROR:crash_report_database_win.cc(469)] failed to stat report
[0804/190828.981:ERROR:crash_report_database_win.cc(469)] failed to stat report
[0804/192328.982:ERROR:crash_report_database_win.cc(469)] failed to stat report
[0804/192328.982:ERROR:crash_report_database_win.cc(469)] failed to stat report
[0804/192328.982:ERROR:crash_report_database_win.cc(469)] failed to stat report
[0804/193829.243:ERROR:crash_report_database_win.cc(469)] failed to stat report
[0804/193829.373:ERROR:crash_report_database_win.cc(469)] failed to stat report
[0804/193829.374:ERROR:crash_report_database_win.cc(469)] failed to stat report
[0804/195329.502:ERROR:crash_report_database_win.cc(469)] failed to stat report
[0804/195329.502:ERROR:crash_report_database_win.cc(469)] failed to stat report
[0804/195329.502:ERROR:crash_report_database_win.cc(469)] failed to stat report
[0804/200829.503:ERROR:crash_report_database_win.cc(469)] failed to stat report
[0804/200829.503:ERROR:crash_report_database_win.cc(469)] failed to stat report
[0804/200829.503:ERROR:crash_report_database_win.cc(469)] failed to stat report
[0804/202329.504:ERROR:crash_report_database_win.cc(469)] failed to stat report
[0804/202329.504:ERROR:crash_report_database_win.cc(469)] failed to stat report
[0804/202329.504:ERROR:crash_report_database_win.cc(469)] failed to stat report
[0804/203829.507:ERROR:crash_report_database_win.cc(469)] failed to stat report
[0804/203829.507:ERROR:crash_report_database_win.cc(469)] failed to stat report
[0804/203829.507:ERROR:crash_report_database_win.cc(469)] failed to stat report
[0804/205329.507:ERROR:crash_report_database_win.cc(469)] failed to stat report
[0804/205329.507:ERROR:crash_report_database_win.cc(469)] failed to stat report
[0804/205329.507:ERROR:crash_report_database_win.cc(469)] failed to stat report
[0804/210829.508:ERROR:crash_report_database_win.cc(469)] failed to stat report
[0804/210829.508:ERROR:crash_report_database_win.cc(469)] failed to stat report
[0804/210829.508:ERROR:crash_report_database_win.cc(469)] failed to stat report
[0804/212329.510:ERROR:crash_report_database_win.cc(469)] failed to stat report
[0804/212329.510:ERROR:crash_report_database_win.cc(469)] failed to stat report
[0804/212329.510:ERROR:crash_report_database_win.cc(469)] failed to stat report
[0804/213829.511:ERROR:crash_report_database_win.cc(469)] failed to stat report
[0804/213829.511:ERROR:crash_report_database_win.cc(469)] failed to stat report
[0804/213829.511:ERROR:crash_report_database_win.cc(469)] failed to stat report
[0804/215329.512:ERROR:crash_report_database_win.cc(469)] failed to stat report
[0804/215329.512:ERROR:crash_report_database_win.cc(469)] failed to stat report
[0804/215329.512:ERROR:crash_report_database_win.cc(469)] failed to stat report
[0804/220829.512:ERROR:crash_report_database_win.cc(469)] failed to stat report
[0804/220829.513:ERROR:crash_report_database_win.cc(469)] failed to stat report
[0804/220829.513:ERROR:crash_report_database_win.cc(469)] failed to stat report
[0804/222329.515:ERROR:crash_report_database_win.cc(469)] failed to stat report
[0804/222329.515:ERROR:crash_report_database_win.cc(469)] failed to stat report
[0804/222329.515:ERROR:crash_report_database_win.cc(469)] failed to stat report
[0805/090841.875:ERROR:crash_report_database_win.cc(469)] failed to stat report
[0805/090841.908:ERROR:crash_report_database_win.cc(469)] failed to stat report
[0805/090841.908:ERROR:crash_report_database_win.cc(469)] failed to stat report
[0805/091147.718:ERROR:crash_report_database_win.cc(469)] failed to stat report
[0805/091147.719:ERROR:crash_report_database_win.cc(469)] failed to stat report
[0805/091147.719:ERROR:crash_report_database_win.cc(469)] failed to stat report
[0806/093755.223:ERROR:crash_report_database_win.cc(469)] failed to stat report
[0806/093755.388:ERROR:crash_report_database_win.cc(469)] failed to stat report
[0806/093755.388:ERROR:crash_report_database_win.cc(469)] failed to stat report
[0806/094053.749:ERROR:crash_report_database_win.cc(469)] failed to stat report
[0806/094053.750:ERROR:crash_report_database_win.cc(469)] failed to stat report
[0806/094053.750:ERROR:crash_report_database_win.cc(469)] failed to stat report
[0807/091720.630:ERROR:crash_report_database_win.cc(469)] failed to stat report
[0807/091720.631:ERROR:crash_report_database_win.cc(469)] failed to stat report
[0807/091720.631:ERROR:crash_report_database_win.cc(469)] failed to stat report
[0807/092041.144:ERROR:crash_report_database_win.cc(469)] failed to stat report
[0807/092041.145:ERROR:crash_report_database_win.cc(469)] failed to stat report
[0807/092041.145:ERROR:crash_report_database_win.cc(469)] failed to stat report
[0807/164430.933:ERROR:crash_report_database_win.cc(469)] failed to stat report
[0807/164430.978:ERROR:crash_report_database_win.cc(469)] failed to stat report
[0807/164430.978:ERROR:crash_report_database_win.cc(469)] failed to stat report
[0807/164731.830:ERROR:crash_report_database_win.cc(469)] failed to stat report
[0807/164731.831:ERROR:crash_report_database_win.cc(469)] failed to stat report
[0807/164731.831:ERROR:crash_report_database_win.cc(469)] failed to stat report
[0809/114424.052:ERROR:crash_report_database_win.cc(469)] failed to stat report
[0809/114424.096:ERROR:crash_report_database_win.cc(469)] failed to stat report
[0809/114424.097:ERROR:crash_report_database_win.cc(469)] failed to stat report
[0809/114728.281:ERROR:crash_report_database_win.cc(469)] failed to stat report
[0809/114728.282:ERROR:crash_report_database_win.cc(469)] failed to stat report
[0809/114728.282:ERROR:crash_report_database_win.cc(469)] failed to stat report
[0809/235438.660:ERROR:crash_report_database_win.cc(469)] failed to stat report
[0809/235438.672:ERROR:crash_report_database_win.cc(469)] failed to stat report
[0809/235438.672:ERROR:crash_report_database_win.cc(469)] failed to stat report
[0809/235727.398:ERROR:crash_report_database_win.cc(469)] failed to stat report
[0809/235727.399:ERROR:crash_report_database_win.cc(469)] failed to stat report
[0809/235727.399:ERROR:crash_report_database_win.cc(469)] failed to stat report
[0810/000438.660:ERROR:crash_report_database_win.cc(469)] failed to stat report
[0810/000438.660:ERROR:crash_report_database_win.cc(469)] failed to stat report
[0810/000438.660:ERROR:crash_report_database_win.cc(469)] failed to stat report
[0810/000438.661:ERROR:crash_report_database_win.cc(469)] failed to stat report
[0810/000438.661:ERROR:crash_report_database_win.cc(469)] failed to stat report
[0810/000438.661:ERROR:crash_report_database_win.cc(469)] failed to stat report
[0810/000938.674:ERROR:crash_report_database_win.cc(469)] failed to stat report
[0810/000938.674:ERROR:crash_report_database_win.cc(469)] failed to stat report
[0810/000938.674:ERROR:crash_report_database_win.cc(469)] failed to stat report
[0810/001840.923:ERROR:crash_report_database_win.cc(469)] failed to stat report
[0810/001840.924:ERROR:crash_report_database_win.cc(469)] failed to stat report
[0810/001840.924:ERROR:crash_report_database_win.cc(469)] failed to stat report
[0810/001913.594:ERROR:crash_report_database_win.cc(469)] failed to stat report
[0810/001913.595:ERROR:crash_report_database_win.cc(469)] failed to stat report
[0810/001913.595:ERROR:crash_report_database_win.cc(469)] failed to stat report
[0810/002216.716:ERROR:crash_report_database_win.cc(469)] failed to stat report
[0810/002216.717:ERROR:crash_report_database_win.cc(469)] failed to stat report
[0810/002216.717:ERROR:crash_report_database_win.cc(469)] failed to stat report
[0810/002256.078:ERROR:crash_report_database_win.cc(469)] failed to stat report
[0810/002256.079:ERROR:crash_report_database_win.cc(469)] failed to stat report
[0810/002256.079:ERROR:crash_report_database_win.cc(469)] failed to stat report
[0810/002438.675:ERROR:crash_report_database_win.cc(469)] failed to stat report
[0810/002438.675:ERROR:crash_report_database_win.cc(469)] failed to stat report
[0810/002438.675:ERROR:crash_report_database_win.cc(469)] failed to stat report
[0810/003938.676:ERROR:crash_report_database_win.cc(469)] failed to stat report
[0810/003938.676:ERROR:crash_report_database_win.cc(469)] failed to stat report
[0810/003938.676:ERROR:crash_report_database_win.cc(469)] failed to stat report
[0810/005438.677:ERROR:crash_report_database_win.cc(469)] failed to stat report
[0810/005438.677:ERROR:crash_report_database_win.cc(469)] failed to stat report
[0810/005438.677:ERROR:crash_report_database_win.cc(469)] failed to stat report
[0810/010938.680:ERROR:crash_report_database_win.cc(469)] failed to stat report
[0810/010938.680:ERROR:crash_report_database_win.cc(469)] failed to stat report
[0810/010938.680:ERROR:crash_report_database_win.cc(469)] failed to stat report
